行 209: 控件 EdtSStyle 的类 EDITLib.Edit 不是一个已加载的控件类。
行 322: 控件 edtPsn 的类 EDITLib.Edit 不是一个已加载的控件类。
行 336: 控件 edtDept 的类 EDITLib.Edit 不是一个已加载的控件类。
行 350: 控件 edtAmount2 的类 EDITLib.Edit 不是一个已加载的控件类。
行 366: 控件 edtAmount1 的类 EDITLib.Edit 不是一个已加载的控件类。
行 382: 控件 edtNum2 的类 EDITLib.Edit 不是一个已加载的控件类。
行 396: 控件 edtDate21 的类 EDITLib.Edit 不是一个已加载的控件类。
行 412: 控件 edtDate11 的类 EDITLib.Edit 不是一个已加载的控件类。
行 428: 控件 edtNum1 的类 EDITLib.Edit 不是一个已加载的控件类。
行 442: 控件 edtDw 的类 EDITLib.Edit 不是一个已加载的控件类。
行 457: 控件 txtOrderCode2 的类 EDITLib.Edit 不是一个已加载的控件类。
行 471: 控件 txtOrderCode1 的类 EDITLib.Edit 不是一个已加载的控件类。
行 485: 控件 txtContractType 的类 EDITLib.Edit 不是一个已加载的控件类。
行 500: 控件 txtContractID1 的类 EDITLib.Edit 不是一个已加载的控件类。
行 515: 控件 txtContractID2 的类 EDITLib.Edit 不是一个已加载的控件类。
行 215: 属性名 _Version 在 EdtSStyle 中是无效的。
行 216: 属性名 _ExtentX 在 EdtSStyle 中是无效的。
行 217: 属性名 _ExtentY 在 EdtSStyle 中是无效的。
行 218: 属性名 _StockProps 在 EdtSStyle 中是无效的。
行 328: 属性名 _Version 在 edtPsn 中是无效的。
行 329: 属性名 _ExtentX 在 edtPsn 中是无效的。
行 330: 属性名 _ExtentY 在 edtPsn 中是无效的。
行 331: 属性名 _StockProps 在 edtPsn 中是无效的。
行 342: 属性名 _Version 在 edtDept 中是无效的。
行 343: 属性名 _ExtentX 在 edtDept 中是无效的。
行 344: 属性名 _ExtentY 在 edtDept 中是无效的。
行 345: 属性名 _StockProps 在 edtDept 中是无效的。
行 356: 属性名 _Version 在 edtAmount2 中是无效的。
行 357: 属性名 _ExtentX 在 edtAmount2 中是无效的。
行 358: 属性名 _ExtentY 在 edtAmount2 中是无效的。
行 359: 属性名 _StockProps 在 edtAmount2 中是无效的。
行 363: 属性名 Property 在 edtAmount2 中是无效的。
行 364: 属性名 NumPoint 在 edtAmount2 中是无效的。
行 372: 属性名 _Version 在 edtAmount1 中是无效的。
行 373: 属性名 _ExtentX 在 edtAmount1 中是无效的。
行 374: 属性名 _ExtentY 在 edtAmount1 中是无效的。
行 375: 属性名 _StockProps 在 edtAmount1 中是无效的。
行 379: 属性名 Property 在 edtAmount1 中是无效的。
行 380: 属性名 NumPoint 在 edtAmount1 中是无效的。
行 388: 属性名 _Version 在 edtNum2 中是无效的。
行 389: 属性名 _ExtentX 在 edtNum2 中是无效的。
行 390: 属性名 _ExtentY 在 edtNum2 中是无效的。
行 391: 属性名 _StockProps 在 edtNum2 中是无效的。
行 402: 属性名 _Version 在 edtDate21 中是无效的。
行 403: 属性名 _ExtentX 在 edtDate21 中是无效的。
行 404: 属性名 _ExtentY 在 edtDate21 中是无效的。
行 405: 属性名 _StockProps 在 edtDate21 中是无效的。
行 409: 属性名 Property 在 edtDate21 中是无效的。
行 410: 属性名 MaxLength 在 edtDate21 中是无效的。
行 418: 属性名 _Version 在 edtDate11 中是无效的。
行 419: 属性名 _ExtentX 在 edtDate11 中是无效的。
行 420: 属性名 _ExtentY 在 edtDate11 中是无效的。
行 421: 属性名 _StockProps 在 edtDate11 中是无效的。
行 425: 属性名 Property 在 edtDate11 中是无效的。
行 426: 属性名 MaxLength 在 edtDate11 中是无效的。
行 434: 属性名 _Version 在 edtNum1 中是无效的。
行 435: 属性名 _ExtentX 在 edtNum1 中是无效的。
行 436: 属性名 _ExtentY 在 edtNum1 中是无效的。
行 437: 属性名 _StockProps 在 edtNum1 中是无效的。
行 448: 属性名 _Version 在 edtDw 中是无效的。
行 449: 属性名 _ExtentX 在 edtDw 中是无效的。
行 450: 属性名 _ExtentY 在 edtDw 中是无效的。
行 451: 属性名 _StockProps 在 edtDw 中是无效的。
行 455: 属性名 MaxLength 在 edtDw 中是无效的。
行 463: 属性名 _Version 在 txtOrderCode2 中是无效的。
行 464: 属性名 _ExtentX 在 txtOrderCode2 中是无效的。
行 465: 属性名 _ExtentY 在 txtOrderCode2 中是无效的。
行 466: 属性名 _StockProps 在 txtOrderCode2 中是无效的。
行 477: 属性名 _Version 在 txtOrderCode1 中是无效的。
行 478: 属性名 _ExtentX 在 txtOrderCode1 中是无效的。
行 479: 属性名 _ExtentY 在 txtOrderCode1 中是无效的。
行 480: 属性名 _StockProps 在 txtOrderCode1 中是无效的。
行 491: 属性名 _Version 在 txtContractType 中是无效的。
行 492: 属性名 _ExtentX 在 txtContractType 中是无效的。
行 493: 属性名 _ExtentY 在 txtContractType 中是无效的。
行 494: 属性名 _StockProps 在 txtContractType 中是无效的。
行 498: 属性名 MaxLength 在 txtContractType 中是无效的。
行 506: 属性名 _Version 在 txtContractID1 中是无效的。
行 507: 属性名 _ExtentX 在 txtContractID1 中是无效的。
行 508: 属性名 _ExtentY 在 txtContractID1 中是无效的。
行 509: 属性名 _StockProps 在 txtContractID1 中是无效的。
行 513: 属性名 MaxLength 在 txtContractID1 中是无效的。
行 521: 属性名 _Version 在 txtContractID2 中是无效的。
行 522: 属性名 _ExtentX 在 txtContractID2 中是无效的。
行 523: 属性名 _ExtentY 在 txtContractID2 中是无效的。
行 524: 属性名 _StockProps 在 txtContractID2 中是无效的。
行 528: 属性名 MaxLength 在 txtContractID2 中是无效的。
